<?xml version="1.0" encoding="UTF-8"?>
<!-- Generated by org.testng.reporters.JUnitReportReporter -->
<testsuite hostname="DESKTOP-16O0SVF" name="testng.SampleProgramTwo" tests="1" failures="0" timestamp="19 Jun 2017 13:34:43 GMT" time="0.001" errors="0">
  <testcase name="testOne" time="0.001" classname="testng.SampleProgramTwo"/>
</testsuite> <!-- testng.SampleProgramTwo -->
